<?xml version="1.0" encoding="UTF-8" ?>
<testsuite tests="1" failures="1" name="co.unicauca.onlinerestaurant.client.domain.services.MenuServiceTest" time="2.46" errors="0" skipped="0">
  <properties>
[...]
</properties>
  <testcase classname="co.unicauca.onlinerestaurant.client.domain.services.MenuServiceTest" name="co.unicauca.onlinerestaurant.client.domain.services.MenuServiceTest.testFindbyMenubyRN" time="2.46">
    <failure message="The test case is a prototype." type="org.opentest4j.AssertionFailedError">org.opentest4j.AssertionFailedError: The test case is a prototype.
	at org.junit.jupiter.api.AssertionUtils.fail(AssertionUtils.java:39)
	at org.junit.jupiter.api.Assertions.fail(Assertions.java:109)
	at co.unicauca.onlinerestaurant.client.domain.services.MenuServiceTest.testFindbyMenubyRN(MenuServiceTest.java:59)
</failure>
    <system-out>findbyMenubyRN
</system-out>
  </testcase>
</testsuite>